[2019-10-30 12:47:28] local.ERROR: SQLSTATE[HY000] [1045] Access denied for user 'forge'@'localhost' (using password: NO) (SQL: SET FOREIGN_KEY_CHECKS=1;) {"exception":"[object] (Illuminate\\Database\\QueryException(code: 1045): SQLSTATE[HY000] [1045] Access denied for user 'forge'@'localhost' (using password: NO) (SQL: SET FOREIGN_KEY_CHECKS=1;) at /var/www/Server/Projects/dev/front-gate/vendor/laravel/framework/src/Illuminate/Database/Connection.php:664, PDOException(code: 1045): SQLSTATE[HY000] [1045] Access denied for user 'forge'@'localhost' (using password: NO) at /var/www/Server/Projects/dev/front-gate/vendor/laravel/framework/src/Illuminate/Database/Connectors/Connector.php:70)
[stacktrace]
#0 /var/www/Server/Projects/dev/front-gate/vendor/laravel/framework/src/Illuminate/Database/Connection.php(624): Illuminate\\Database\\Connection->runQueryCallback('SET FOREIGN_KEY...', Array, Object(Closure))
#1 /var/www/Server/Projects/dev/front-gate/vendor/laravel/framework/src/Illuminate/Database/Connection.php(459): Illuminate\\Database\\Connection->run('SET FOREIGN_KEY...', Array, Object(Closure))
#2 /var/www/Server/Projects/dev/front-gate/vendor/laravel/framework/src/Illuminate/Database/Schema/Builder.php(240): Illuminate\\Database\\Connection->statement('SET FOREIGN_KEY...')
#3 /var/www/Server/Projects/dev/front-gate/vendor/laravel/framework/src/Illuminate/Support/Facades/Facade.php(237): Illuminate\\Database\\Schema\\Builder->enableForeignKeyConstraints()
#4 /var/www/Server/Projects/dev/front-gate/app/Providers/AppServiceProvider.php(24): Illuminate\\Support\\Facades\\Facade::__callStatic('enableForeignKe...', Array)
#5 [internal function]: App\\Providers\\AppServiceProvider->boot()
#6 /var/www/Server/Projects/dev/front-gate/vendor/laravel/framework/src/Illuminate/Container/BoundMethod.php(29): call_user_func_array(Array, Array)
#7 /var/www/Server/Projects/dev/front-gate/vendor/laravel/framework/src/Illuminate/Container/BoundMethod.php(87): Illuminate\\Container\\BoundMethod::Illuminate\\Container\\{closure}()
#8 /var/www/Server/Projects/dev/front-gate/vendor/laravel/framework/src/Illuminate/Container/BoundMethod.php(31): Illuminate\\Container\\BoundMethod::callBoundMethod(Object(Illuminate\\Foundation\\Application), Array, Object(Closure))
#9 /var/www/Server/Projects/dev/front-gate/vendor/laravel/framework/src/Illuminate/Container/Container.php(572): Illuminate\\Container\\BoundMethod::call(Object(Illuminate\\Foundation\\Application), Array, Array, NULL)
#10 /var/www/Server/Projects/dev/front-gate/vendor/laravel/framework/src/Illuminate/Foundation/Application.php(819): Illuminate\\Container\\Container->call(Array)
#11 /var/www/Server/Projects/dev/front-gate/vendor/laravel/framework/src/Illuminate/Foundation/Application.php(802): Illuminate\\Foundation\\Application->bootProvider(Object(App\\Providers\\AppServiceProvider))
#12 [internal function]: Illuminate\\Foundation\\Application->Illuminate\\Foundation\\{closure}(Object(App\\Providers\\AppServiceProvider), 20)
#13 /var/www/Server/Projects/dev/front-gate/vendor/laravel/framework/src/Illuminate/Foundation/Application.php(803): array_walk(Array, Object(Closure))
#14 /var/www/Server/Projects/dev/front-gate/vendor/laravel/framework/src/Illuminate/Foundation/Bootstrap/BootProviders.php(17): Illuminate\\Foundation\\Application->boot()
#15 /var/www/Server/Projects/dev/front-gate/vendor/laravel/framework/src/Illuminate/Foundation/Application.php(211): Illuminate\\Foundation\\Bootstrap\\BootProviders->bootstrap(Object(Illuminate\\Foundation\\Application))
#16 /var/www/Server/Projects/dev/front-gate/vendor/laravel/framework/src/Illuminate/Foundation/Console/Kernel.php(297): Illuminate\\Foundation\\Application->bootstrapWith(Array)
#17 /var/www/Server/Projects/dev/front-gate/vendor/laravel/framework/src/Illuminate/Foundation/Console/Kernel.php(120): Illuminate\\Foundation\\Console\\Kernel->bootstrap()
#18 /var/www/Server/Projects/dev/front-gate/artisan(37): Illuminate\\Foundation\\Console\\Kernel->handle(Object(Symfony\\Component\\Console\\Input\\ArgvInput), Object(Symfony\\Component\\Console\\Output\\ConsoleOutput))
#19 {main}
"} 
[2019-10-30 12:47:28] local.ERROR: SQLSTATE[HY000] [1045] Access denied for user 'forge'@'localhost' (using password: NO) (SQL: SET FOREIGN_KEY_CHECKS=1;) {"exception":"[object] (Illuminate\\Database\\QueryException(code: 1045): SQLSTATE[HY000] [1045] Access denied for user 'forge'@'localhost' (using password: NO) (SQL: SET FOREIGN_KEY_CHECKS=1;) at /var/www/Server/Projects/dev/front-gate/vendor/laravel/framework/src/Illuminate/Database/Connection.php:664, PDOException(code: 1045): SQLSTATE[HY000] [1045] Access denied for user 'forge'@'localhost' (using password: NO) at /var/www/Server/Projects/dev/front-gate/vendor/laravel/framework/src/Illuminate/Database/Connectors/Connector.php:70)
[stacktrace]
#0 /var/www/Server/Projects/dev/front-gate/vendor/laravel/framework/src/Illuminate/Database/Connection.php(624): Illuminate\\Database\\Connection->runQueryCallback('SET FOREIGN_KEY...', Array, Object(Closure))
#1 /var/www/Server/Projects/dev/front-gate/vendor/laravel/framework/src/Illuminate/Database/Connection.php(459): Illuminate\\Database\\Connection->run('SET FOREIGN_KEY...', Array, Object(Closure))
#2 /var/www/Server/Projects/dev/front-gate/vendor/laravel/framework/src/Illuminate/Database/Schema/Builder.php(240): Illuminate\\Database\\Connection->statement('SET FOREIGN_KEY...')
#3 /var/www/Server/Projects/dev/front-gate/vendor/laravel/framework/src/Illuminate/Support/Facades/Facade.php(237): Illuminate\\Database\\Schema\\Builder->enableForeignKeyConstraints()
#4 /var/www/Server/Projects/dev/front-gate/app/Providers/AppServiceProvider.php(24): Illuminate\\Support\\Facades\\Facade::__callStatic('enableForeignKe...', Array)
#5 [internal function]: App\\Providers\\AppServiceProvider->boot()
#6 /var/www/Server/Projects/dev/front-gate/vendor/laravel/framework/src/Illuminate/Container/BoundMethod.php(29): call_user_func_array(Array, Array)
#7 /var/www/Server/Projects/dev/front-gate/vendor/laravel/framework/src/Illuminate/Container/BoundMethod.php(87): Illuminate\\Container\\BoundMethod::Illuminate\\Container\\{closure}()
#8 /var/www/Server/Projects/dev/front-gate/vendor/laravel/framework/src/Illuminate/Container/BoundMethod.php(31): Illuminate\\Container\\BoundMethod::callBoundMethod(Object(Illuminate\\Foundation\\Application), Array, Object(Closure))
#9 /var/www/Server/Projects/dev/front-gate/vendor/laravel/framework/src/Illuminate/Container/Container.php(572): Illuminate\\Container\\BoundMethod::call(Object(Illuminate\\Foundation\\Application), Array, Array, NULL)
#10 /var/www/Server/Projects/dev/front-gate/vendor/laravel/framework/src/Illuminate/Foundation/Application.php(819): Illuminate\\Container\\Container->call(Array)
#11 /var/www/Server/Projects/dev/front-gate/vendor/laravel/framework/src/Illuminate/Foundation/Application.php(802): Illuminate\\Foundation\\Application->bootProvider(Object(App\\Providers\\AppServiceProvider))
#12 [internal function]: Illuminate\\Foundation\\Application->Illuminate\\Foundation\\{closure}(Object(App\\Providers\\AppServiceProvider), 20)
#13 /var/www/Server/Projects/dev/front-gate/vendor/laravel/framework/src/Illuminate/Foundation/Application.php(803): array_walk(Array, Object(Closure))
#14 /var/www/Server/Projects/dev/front-gate/vendor/laravel/framework/src/Illuminate/Foundation/Bootstrap/BootProviders.php(17): Illuminate\\Foundation\\Application->boot()
#15 /var/www/Server/Projects/dev/front-gate/vendor/laravel/framework/src/Illuminate/Foundation/Application.php(211): Illuminate\\Foundation\\Bootstrap\\BootProviders->bootstrap(Object(Illuminate\\Foundation\\Application))
#16 /var/www/Server/Projects/dev/front-gate/vendor/laravel/framework/src/Illuminate/Foundation/Console/Kernel.php(297): Illuminate\\Foundation\\Application->bootstrapWith(Array)
#17 /var/www/Server/Projects/dev/front-gate/vendor/laravel/framework/src/Illuminate/Foundation/Console/Kernel.php(120): Illuminate\\Foundation\\Console\\Kernel->bootstrap()
#18 /var/www/Server/Projects/dev/front-gate/artisan(37): Illuminate\\Foundation\\Console\\Kernel->handle(Object(Symfony\\Component\\Console\\Input\\ArgvInput), Object(Symfony\\Component\\Console\\Output\\ConsoleOutput))
#19 {main}
"} 
[2019-10-30 12:47:30] local.ERROR: SQLSTATE[HY000] [1045] Access denied for user 'forge'@'localhost' (using password: NO) (SQL: SET FOREIGN_KEY_CHECKS=1;) {"exception":"[object] (Illuminate\\Database\\QueryException(code: 1045): SQLSTATE[HY000] [1045] Access denied for user 'forge'@'localhost' (using password: NO) (SQL: SET FOREIGN_KEY_CHECKS=1;) at /var/www/Server/Projects/dev/front-gate/vendor/laravel/framework/src/Illuminate/Database/Connection.php:664, PDOException(code: 1045): SQLSTATE[HY000] [1045] Access denied for user 'forge'@'localhost' (using password: NO) at /var/www/Server/Projects/dev/front-gate/vendor/laravel/framework/src/Illuminate/Database/Connectors/Connector.php:70)
[stacktrace]
#0 /var/www/Server/Projects/dev/front-gate/vendor/laravel/framework/src/Illuminate/Database/Connection.php(624): Illuminate\\Database\\Connection->runQueryCallback('SET FOREIGN_KEY...', Array, Object(Closure))
#1 /var/www/Server/Projects/dev/front-gate/vendor/laravel/framework/src/Illuminate/Database/Connection.php(459): Illuminate\\Database\\Connection->run('SET FOREIGN_KEY...', Array, Object(Closure))
#2 /var/www/Server/Projects/dev/front-gate/vendor/laravel/framework/src/Illuminate/Database/Schema/Builder.php(240): Illuminate\\Database\\Connection->statement('SET FOREIGN_KEY...')
#3 /var/www/Server/Projects/dev/front-gate/vendor/laravel/framework/src/Illuminate/Support/Facades/Facade.php(237): Illuminate\\Database\\Schema\\Builder->enableForeignKeyConstraints()
#4 /var/www/Server/Projects/dev/front-gate/app/Providers/AppServiceProvider.php(24): Illuminate\\Support\\Facades\\Facade::__callStatic('enableForeignKe...', Array)
#5 [internal function]: App\\Providers\\AppServiceProvider->boot()
#6 /var/www/Server/Projects/dev/front-gate/vendor/laravel/framework/src/Illuminate/Container/BoundMethod.php(29): call_user_func_array(Array, Array)
#7 /var/www/Server/Projects/dev/front-gate/vendor/laravel/framework/src/Illuminate/Container/BoundMethod.php(87): Illuminate\\Container\\BoundMethod::Illuminate\\Container\\{closure}()
#8 /var/www/Server/Projects/dev/front-gate/vendor/laravel/framework/src/Illuminate/Container/BoundMethod.php(31): Illuminate\\Container\\BoundMethod::callBoundMethod(Object(Illuminate\\Foundation\\Application), Array, Object(Closure))
#9 /var/www/Server/Projects/dev/front-gate/vendor/laravel/framework/src/Illuminate/Container/Container.php(572): Illuminate\\Container\\BoundMethod::call(Object(Illuminate\\Foundation\\Application), Array, Array, NULL)
#10 /var/www/Server/Projects/dev/front-gate/vendor/laravel/framework/src/Illuminate/Foundation/Application.php(819): Illuminate\\Container\\Container->call(Array)
#11 /var/www/Server/Projects/dev/front-gate/vendor/laravel/framework/src/Illuminate/Foundation/Application.php(802): Illuminate\\Foundation\\Application->bootProvider(Object(App\\Providers\\AppServiceProvider))
#12 [internal function]: Illuminate\\Foundation\\Application->Illuminate\\Foundation\\{closure}(Object(App\\Providers\\AppServiceProvider), 20)
#13 /var/www/Server/Projects/dev/front-gate/vendor/laravel/framework/src/Illuminate/Foundation/Application.php(803): array_walk(Array, Object(Closure))
#14 /var/www/Server/Projects/dev/front-gate/vendor/laravel/framework/src/Illuminate/Foundation/Bootstrap/BootProviders.php(17): Illuminate\\Foundation\\Application->boot()
#15 /var/www/Server/Projects/dev/front-gate/vendor/laravel/framework/src/Illuminate/Foundation/Application.php(211): Illuminate\\Foundation\\Bootstrap\\BootProviders->bootstrap(Object(Illuminate\\Foundation\\Application))
#16 /var/www/Server/Projects/dev/front-gate/vendor/laravel/framework/src/Illuminate/Foundation/Console/Kernel.php(297): Illuminate\\Foundation\\Application->bootstrapWith(Array)
#17 /var/www/Server/Projects/dev/front-gate/vendor/laravel/framework/src/Illuminate/Foundation/Console/Kernel.php(120): Illuminate\\Foundation\\Console\\Kernel->bootstrap()
#18 /var/www/Server/Projects/dev/front-gate/artisan(37): Illuminate\\Foundation\\Console\\Kernel->handle(Object(Symfony\\Component\\Console\\Input\\ArgvInput), Object(Symfony\\Component\\Console\\Output\\ConsoleOutput))
#19 {main}
"} 
[2019-10-30 12:47:47] local.ERROR: SQLSTATE[HY000] [1045] Access denied for user 'forge'@'localhost' (using password: NO) (SQL: SET FOREIGN_KEY_CHECKS=1;) {"exception":"[object] (Illuminate\\Database\\QueryException(code: 1045): SQLSTATE[HY000] [1045] Access denied for user 'forge'@'localhost' (using password: NO) (SQL: SET FOREIGN_KEY_CHECKS=1;) at /var/www/Server/Projects/dev/front-gate/vendor/laravel/framework/src/Illuminate/Database/Connection.php:664, PDOException(code: 1045): SQLSTATE[HY000] [1045] Access denied for user 'forge'@'localhost' (using password: NO) at /var/www/Server/Projects/dev/front-gate/vendor/laravel/framework/src/Illuminate/Database/Connectors/Connector.php:70)
[stacktrace]
#0 /var/www/Server/Projects/dev/front-gate/vendor/laravel/framework/src/Illuminate/Database/Connection.php(624): Illuminate\\Database\\Connection->runQueryCallback('SET FOREIGN_KEY...', Array, Object(Closure))
#1 /var/www/Server/Projects/dev/front-gate/vendor/laravel/framework/src/Illuminate/Database/Connection.php(459): Illuminate\\Database\\Connection->run('SET FOREIGN_KEY...', Array, Object(Closure))
#2 /var/www/Server/Projects/dev/front-gate/vendor/laravel/framework/src/Illuminate/Database/Schema/Builder.php(240): Illuminate\\Database\\Connection->statement('SET FOREIGN_KEY...')
#3 /var/www/Server/Projects/dev/front-gate/vendor/laravel/framework/src/Illuminate/Support/Facades/Facade.php(237): Illuminate\\Database\\Schema\\Builder->enableForeignKeyConstraints()
#4 /var/www/Server/Projects/dev/front-gate/app/Providers/AppServiceProvider.php(24): Illuminate\\Support\\Facades\\Facade::__callStatic('enableForeignKe...', Array)
#5 [internal function]: App\\Providers\\AppServiceProvider->boot()
#6 /var/www/Server/Projects/dev/front-gate/vendor/laravel/framework/src/Illuminate/Container/BoundMethod.php(29): call_user_func_array(Array, Array)
#7 /var/www/Server/Projects/dev/front-gate/vendor/laravel/framework/src/Illuminate/Container/BoundMethod.php(87): Illuminate\\Container\\BoundMethod::Illuminate\\Container\\{closure}()
#8 /var/www/Server/Projects/dev/front-gate/vendor/laravel/framework/src/Illuminate/Container/BoundMethod.php(31): Illuminate\\Container\\BoundMethod::callBoundMethod(Object(Illuminate\\Foundation\\Application), Array, Object(Closure))
#9 /var/www/Server/Projects/dev/front-gate/vendor/laravel/framework/src/Illuminate/Container/Container.php(572): Illuminate\\Container\\BoundMethod::call(Object(Illuminate\\Foundation\\Application), Array, Array, NULL)
#10 /var/www/Server/Projects/dev/front-gate/vendor/laravel/framework/src/Illuminate/Foundation/Application.php(819): Illuminate\\Container\\Container->call(Array)
#11 /var/www/Server/Projects/dev/front-gate/vendor/laravel/framework/src/Illuminate/Foundation/Application.php(802): Illuminate\\Foundation\\Application->bootProvider(Object(App\\Providers\\AppServiceProvider))
#12 [internal function]: Illuminate\\Foundation\\Application->Illuminate\\Foundation\\{closure}(Object(App\\Providers\\AppServiceProvider), 20)
#13 /var/www/Server/Projects/dev/front-gate/vendor/laravel/framework/src/Illuminate/Foundation/Application.php(803): array_walk(Array, Object(Closure))
#14 /var/www/Server/Projects/dev/front-gate/vendor/laravel/framework/src/Illuminate/Foundation/Bootstrap/BootProviders.php(17): Illuminate\\Foundation\\Application->boot()
#15 /var/www/Server/Projects/dev/front-gate/vendor/laravel/framework/src/Illuminate/Foundation/Application.php(211): Illuminate\\Foundation\\Bootstrap\\BootProviders->bootstrap(Object(Illuminate\\Foundation\\Application))
#16 /var/www/Server/Projects/dev/front-gate/vendor/laravel/framework/src/Illuminate/Foundation/Console/Kernel.php(297): Illuminate\\Foundation\\Application->bootstrapWith(Array)
#17 /var/www/Server/Projects/dev/front-gate/vendor/laravel/framework/src/Illuminate/Foundation/Console/Kernel.php(120): Illuminate\\Foundation\\Console\\Kernel->bootstrap()
#18 /var/www/Server/Projects/dev/front-gate/artisan(37): Illuminate\\Foundation\\Console\\Kernel->handle(Object(Symfony\\Component\\Console\\Input\\ArgvInput), Object(Symfony\\Component\\Console\\Output\\ConsoleOutput))
#19 {main}
"} 
[2019-10-30 12:47:47] local.ERROR: SQLSTATE[HY000] [1045] Access denied for user 'forge'@'localhost' (using password: NO) (SQL: SET FOREIGN_KEY_CHECKS=1;) {"exception":"[object] (Illuminate\\Database\\QueryException(code: 1045): SQLSTATE[HY000] [1045] Access denied for user 'forge'@'localhost' (using password: NO) (SQL: SET FOREIGN_KEY_CHECKS=1;) at /var/www/Server/Projects/dev/front-gate/vendor/laravel/framework/src/Illuminate/Database/Connection.php:664, PDOException(code: 1045): SQLSTATE[HY000] [1045] Access denied for user 'forge'@'localhost' (using password: NO) at /var/www/Server/Projects/dev/front-gate/vendor/laravel/framework/src/Illuminate/Database/Connectors/Connector.php:70)
[stacktrace]
#0 /var/www/Server/Projects/dev/front-gate/vendor/laravel/framework/src/Illuminate/Database/Connection.php(624): Illuminate\\Database\\Connection->runQueryCallback('SET FOREIGN_KEY...', Array, Object(Closure))
#1 /var/www/Server/Projects/dev/front-gate/vendor/laravel/framework/src/Illuminate/Database/Connection.php(459): Illuminate\\Database\\Connection->run('SET FOREIGN_KEY...', Array, Object(Closure))
#2 /var/www/Server/Projects/dev/front-gate/vendor/laravel/framework/src/Illuminate/Database/Schema/Builder.php(240): Illuminate\\Database\\Connection->statement('SET FOREIGN_KEY...')
#3 /var/www/Server/Projects/dev/front-gate/vendor/laravel/framework/src/Illuminate/Support/Facades/Facade.php(237): Illuminate\\Database\\Schema\\Builder->enableForeignKeyConstraints()
#4 /var/www/Server/Projects/dev/front-gate/app/Providers/AppServiceProvider.php(24): Illuminate\\Support\\Facades\\Facade::__callStatic('enableForeignKe...', Array)
#5 [internal function]: App\\Providers\\AppServiceProvider->boot()
#6 /var/www/Server/Projects/dev/front-gate/vendor/laravel/framework/src/Illuminate/Container/BoundMethod.php(29): call_user_func_array(Array, Array)
#7 /var/www/Server/Projects/dev/front-gate/vendor/laravel/framework/src/Illuminate/Container/BoundMethod.php(87): Illuminate\\Container\\BoundMethod::Illuminate\\Container\\{closure}()
#8 /var/www/Server/Projects/dev/front-gate/vendor/laravel/framework/src/Illuminate/Container/BoundMethod.php(31): Illuminate\\Container\\BoundMethod::callBoundMethod(Object(Illuminate\\Foundation\\Application), Array, Object(Closure))
#9 /var/www/Server/Projects/dev/front-gate/vendor/laravel/framework/src/Illuminate/Container/Container.php(572): Illuminate\\Container\\BoundMethod::call(Object(Illuminate\\Foundation\\Application), Array, Array, NULL)
#10 /var/www/Server/Projects/dev/front-gate/vendor/laravel/framework/src/Illuminate/Foundation/Application.php(819): Illuminate\\Container\\Container->call(Array)
#11 /var/www/Server/Projects/dev/front-gate/vendor/laravel/framework/src/Illuminate/Foundation/Application.php(802): Illuminate\\Foundation\\Application->bootProvider(Object(App\\Providers\\AppServiceProvider))
#12 [internal function]: Illuminate\\Foundation\\Application->Illuminate\\Foundation\\{closure}(Object(App\\Providers\\AppServiceProvider), 20)
#13 /var/www/Server/Projects/dev/front-gate/vendor/laravel/framework/src/Illuminate/Foundation/Application.php(803): array_walk(Array, Object(Closure))
#14 /var/www/Server/Projects/dev/front-gate/vendor/laravel/framework/src/Illuminate/Foundation/Bootstrap/BootProviders.php(17): Illuminate\\Foundation\\Application->boot()
#15 /var/www/Server/Projects/dev/front-gate/vendor/laravel/framework/src/Illuminate/Foundation/Application.php(211): Illuminate\\Foundation\\Bootstrap\\BootProviders->bootstrap(Object(Illuminate\\Foundation\\Application))
#16 /var/www/Server/Projects/dev/front-gate/vendor/laravel/framework/src/Illuminate/Foundation/Console/Kernel.php(297): Illuminate\\Foundation\\Application->bootstrapWith(Array)
#17 /var/www/Server/Projects/dev/front-gate/vendor/laravel/framework/src/Illuminate/Foundation/Console/Kernel.php(120): Illuminate\\Foundation\\Console\\Kernel->bootstrap()
#18 /var/www/Server/Projects/dev/front-gate/artisan(37): Illuminate\\Foundation\\Console\\Kernel->handle(Object(Symfony\\Component\\Console\\Input\\ArgvInput), Object(Symfony\\Component\\Console\\Output\\ConsoleOutput))
#19 {main}
"} 
[2019-10-30 12:47:47] local.ERROR: SQLSTATE[HY000] [1045] Access denied for user 'forge'@'localhost' (using password: NO) (SQL: SET FOREIGN_KEY_CHECKS=1;) {"exception":"[object] (Illuminate\\Database\\QueryException(code: 1045): SQLSTATE[HY000] [1045] Access denied for user 'forge'@'localhost' (using password: NO) (SQL: SET FOREIGN_KEY_CHECKS=1;) at /var/www/Server/Projects/dev/front-gate/vendor/laravel/framework/src/Illuminate/Database/Connection.php:664, PDOException(code: 1045): SQLSTATE[HY000] [1045] Access denied for user 'forge'@'localhost' (using password: NO) at /var/www/Server/Projects/dev/front-gate/vendor/laravel/framework/src/Illuminate/Database/Connectors/Connector.php:70)
[stacktrace]
#0 /var/www/Server/Projects/dev/front-gate/vendor/laravel/framework/src/Illuminate/Database/Connection.php(624): Illuminate\\Database\\Connection->runQueryCallback('SET FOREIGN_KEY...', Array, Object(Closure))
#1 /var/www/Server/Projects/dev/front-gate/vendor/laravel/framework/src/Illuminate/Database/Connection.php(459): Illuminate\\Database\\Connection->run('SET FOREIGN_KEY...', Array, Object(Closure))
#2 /var/www/Server/Projects/dev/front-gate/vendor/laravel/framework/src/Illuminate/Database/Schema/Builder.php(240): Illuminate\\Database\\Connection->statement('SET FOREIGN_KEY...')
#3 /var/www/Server/Projects/dev/front-gate/vendor/laravel/framework/src/Illuminate/Support/Facades/Facade.php(237): Illuminate\\Database\\Schema\\Builder->enableForeignKeyConstraints()
#4 /var/www/Server/Projects/dev/front-gate/app/Providers/AppServiceProvider.php(24): Illuminate\\Support\\Facades\\Facade::__callStatic('enableForeignKe...', Array)
#5 [internal function]: App\\Providers\\AppServiceProvider->boot()
#6 /var/www/Server/Projects/dev/front-gate/vendor/laravel/framework/src/Illuminate/Container/BoundMethod.php(29): call_user_func_array(Array, Array)
#7 /var/www/Server/Projects/dev/front-gate/vendor/laravel/framework/src/Illuminate/Container/BoundMethod.php(87): Illuminate\\Container\\BoundMethod::Illuminate\\Container\\{closure}()
#8 /var/www/Server/Projects/dev/front-gate/vendor/laravel/framework/src/Illuminate/Container/BoundMethod.php(31): Illuminate\\Container\\BoundMethod::callBoundMethod(Object(Illuminate\\Foundation\\Application), Array, Object(Closure))
#9 /var/www/Server/Projects/dev/front-gate/vendor/laravel/framework/src/Illuminate/Container/Container.php(572): Illuminate\\Container\\BoundMethod::call(Object(Illuminate\\Foundation\\Application), Array, Array, NULL)
#10 /var/www/Server/Projects/dev/front-gate/vendor/laravel/framework/src/Illuminate/Foundation/Application.php(819): Illuminate\\Container\\Container->call(Array)
#11 /var/www/Server/Projects/dev/front-gate/vendor/laravel/framework/src/Illuminate/Foundation/Application.php(802): Illuminate\\Foundation\\Application->bootProvider(Object(App\\Providers\\AppServiceProvider))
#12 [internal function]: Illuminate\\Foundation\\Application->Illuminate\\Foundation\\{closure}(Object(App\\Providers\\AppServiceProvider), 20)
#13 /var/www/Server/Projects/dev/front-gate/vendor/laravel/framework/src/Illuminate/Foundation/Application.php(803): array_walk(Array, Object(Closure))
#14 /var/www/Server/Projects/dev/front-gate/vendor/laravel/framework/src/Illuminate/Foundation/Bootstrap/BootProviders.php(17): Illuminate\\Foundation\\Application->boot()
#15 /var/www/Server/Projects/dev/front-gate/vendor/laravel/framework/src/Illuminate/Foundation/Application.php(211): Illuminate\\Foundation\\Bootstrap\\BootProviders->bootstrap(Object(Illuminate\\Foundation\\Application))
#16 /var/www/Server/Projects/dev/front-gate/vendor/laravel/framework/src/Illuminate/Foundation/Console/Kernel.php(297): Illuminate\\Foundation\\Application->bootstrapWith(Array)
#17 /var/www/Server/Projects/dev/front-gate/vendor/laravel/framework/src/Illuminate/Foundation/Console/Kernel.php(120): Illuminate\\Foundation\\Console\\Kernel->bootstrap()
#18 /var/www/Server/Projects/dev/front-gate/artisan(37): Illuminate\\Foundation\\Console\\Kernel->handle(Object(Symfony\\Component\\Console\\Input\\ArgvInput), Object(Symfony\\Component\\Console\\Output\\ConsoleOutput))
#19 {main}
"} 
[2019-10-30 12:47:47] local.ERROR: SQLSTATE[HY000] [1045] Access denied for user 'forge'@'localhost' (using password: NO) (SQL: SET FOREIGN_KEY_CHECKS=1;) {"exception":"[object] (Illuminate\\Database\\QueryException(code: 1045): SQLSTATE[HY000] [1045] Access denied for user 'forge'@'localhost' (using password: NO) (SQL: SET FOREIGN_KEY_CHECKS=1;) at /var/www/Server/Projects/dev/front-gate/vendor/laravel/framework/src/Illuminate/Database/Connection.php:664, PDOException(code: 1045): SQLSTATE[HY000] [1045] Access denied for user 'forge'@'localhost' (using password: NO) at /var/www/Server/Projects/dev/front-gate/vendor/laravel/framework/src/Illuminate/Database/Connectors/Connector.php:70)
[stacktrace]
#0 /var/www/Server/Projects/dev/front-gate/vendor/laravel/framework/src/Illuminate/Database/Connection.php(624): Illuminate\\Database\\Connection->runQueryCallback('SET FOREIGN_KEY...', Array, Object(Closure))
#1 /var/www/Server/Projects/dev/front-gate/vendor/laravel/framework/src/Illuminate/Database/Connection.php(459): Illuminate\\Database\\Connection->run('SET FOREIGN_KEY...', Array, Object(Closure))
#2 /var/www/Server/Projects/dev/front-gate/vendor/laravel/framework/src/Illuminate/Database/Schema/Builder.php(240): Illuminate\\Database\\Connection->statement('SET FOREIGN_KEY...')
#3 /var/www/Server/Projects/dev/front-gate/vendor/laravel/framework/src/Illuminate/Support/Facades/Facade.php(237): Illuminate\\Database\\Schema\\Builder->enableForeignKeyConstraints()
#4 /var/www/Server/Projects/dev/front-gate/app/Providers/AppServiceProvider.php(24): Illuminate\\Support\\Facades\\Facade::__callStatic('enableForeignKe...', Array)
#5 [internal function]: App\\Providers\\AppServiceProvider->boot()
#6 /var/www/Server/Projects/dev/front-gate/vendor/laravel/framework/src/Illuminate/Container/BoundMethod.php(29): call_user_func_array(Array, Array)
#7 /var/www/Server/Projects/dev/front-gate/vendor/laravel/framework/src/Illuminate/Container/BoundMethod.php(87): Illuminate\\Container\\BoundMethod::Illuminate\\Container\\{closure}()
#8 /var/www/Server/Projects/dev/front-gate/vendor/laravel/framework/src/Illuminate/Container/BoundMethod.php(31): Illuminate\\Container\\BoundMethod::callBoundMethod(Object(Illuminate\\Foundation\\Application), Array, Object(Closure))
#9 /var/www/Server/Projects/dev/front-gate/vendor/laravel/framework/src/Illuminate/Container/Container.php(572): Illuminate\\Container\\BoundMethod::call(Object(Illuminate\\Foundation\\Application), Array, Array, NULL)
#10 /var/www/Server/Projects/dev/front-gate/vendor/laravel/framework/src/Illuminate/Foundation/Application.php(819): Illuminate\\Container\\Container->call(Array)
#11 /var/www/Server/Projects/dev/front-gate/vendor/laravel/framework/src/Illuminate/Foundation/Application.php(802): Illuminate\\Foundation\\Application->bootProvider(Object(App\\Providers\\AppServiceProvider))
#12 [internal function]: Illuminate\\Foundation\\Application->Illuminate\\Foundation\\{closure}(Object(App\\Providers\\AppServiceProvider), 20)
#13 /var/www/Server/Projects/dev/front-gate/vendor/laravel/framework/src/Illuminate/Foundation/Application.php(803): array_walk(Array, Object(Closure))
#14 /var/www/Server/Projects/dev/front-gate/vendor/laravel/framework/src/Illuminate/Foundation/Bootstrap/BootProviders.php(17): Illuminate\\Foundation\\Application->boot()
#15 /var/www/Server/Projects/dev/front-gate/vendor/laravel/framework/src/Illuminate/Foundation/Application.php(211): Illuminate\\Foundation\\Bootstrap\\BootProviders->bootstrap(Object(Illuminate\\Foundation\\Application))
#16 /var/www/Server/Projects/dev/front-gate/vendor/laravel/framework/src/Illuminate/Foundation/Console/Kernel.php(297): Illuminate\\Foundation\\Application->bootstrapWith(Array)
#17 /var/www/Server/Projects/dev/front-gate/vendor/laravel/framework/src/Illuminate/Foundation/Console/Kernel.php(120): Illuminate\\Foundation\\Console\\Kernel->bootstrap()
#18 /var/www/Server/Projects/dev/front-gate/artisan(37): Illuminate\\Foundation\\Console\\Kernel->handle(Object(Symfony\\Component\\Console\\Input\\ArgvInput), Object(Symfony\\Component\\Console\\Output\\ConsoleOutput))
#19 {main}
"} 
[2019-10-30 12:47:47] local.ERROR: SQLSTATE[HY000] [1045] Access denied for user 'forge'@'localhost' (using password: NO) (SQL: SET FOREIGN_KEY_CHECKS=1;) {"exception":"[object] (Illuminate\\Database\\QueryException(code: 1045): SQLSTATE[HY000] [1045] Access denied for user 'forge'@'localhost' (using password: NO) (SQL: SET FOREIGN_KEY_CHECKS=1;) at /var/www/Server/Projects/dev/front-gate/vendor/laravel/framework/src/Illuminate/Database/Connection.php:664, PDOException(code: 1045): SQLSTATE[HY000] [1045] Access denied for user 'forge'@'localhost' (using password: NO) at /var/www/Server/Projects/dev/front-gate/vendor/laravel/framework/src/Illuminate/Database/Connectors/Connector.php:70)
[stacktrace]
#0 /var/www/Server/Projects/dev/front-gate/vendor/laravel/framework/src/Illuminate/Database/Connection.php(624): Illuminate\\Database\\Connection->runQueryCallback('SET FOREIGN_KEY...', Array, Object(Closure))
#1 /var/www/Server/Projects/dev/front-gate/vendor/laravel/framework/src/Illuminate/Database/Connection.php(459): Illuminate\\Database\\Connection->run('SET FOREIGN_KEY...', Array, Object(Closure))
#2 /var/www/Server/Projects/dev/front-gate/vendor/laravel/framework/src/Illuminate/Database/Schema/Builder.php(240): Illuminate\\Database\\Connection->statement('SET FOREIGN_KEY...')
#3 /var/www/Server/Projects/dev/front-gate/vendor/laravel/framework/src/Illuminate/Support/Facades/Facade.php(237): Illuminate\\Database\\Schema\\Builder->enableForeignKeyConstraints()
#4 /var/www/Server/Projects/dev/front-gate/app/Providers/AppServiceProvider.php(24): Illuminate\\Support\\Facades\\Facade::__callStatic('enableForeignKe...', Array)
#5 [internal function]: App\\Providers\\AppServiceProvider->boot()
#6 /var/www/Server/Projects/dev/front-gate/vendor/laravel/framework/src/Illuminate/Container/BoundMethod.php(29): call_user_func_array(Array, Array)
#7 /var/www/Server/Projects/dev/front-gate/vendor/laravel/framework/src/Illuminate/Container/BoundMethod.php(87): Illuminate\\Container\\BoundMethod::Illuminate\\Container\\{closure}()
#8 /var/www/Server/Projects/dev/front-gate/vendor/laravel/framework/src/Illuminate/Container/BoundMethod.php(31): Illuminate\\Container\\BoundMethod::callBoundMethod(Object(Illuminate\\Foundation\\Application), Array, Object(Closure))
#9 /var/www/Server/Projects/dev/front-gate/vendor/laravel/framework/src/Illuminate/Container/Container.php(572): Illuminate\\Container\\BoundMethod::call(Object(Illuminate\\Foundation\\Application), Array, Array, NULL)
#10 /var/www/Server/Projects/dev/front-gate/vendor/laravel/framework/src/Illuminate/Foundation/Application.php(819): Illuminate\\Container\\Container->call(Array)
#11 /var/www/Server/Projects/dev/front-gate/vendor/laravel/framework/src/Illuminate/Foundation/Application.php(802): Illuminate\\Foundation\\Application->bootProvider(Object(App\\Providers\\AppServiceProvider))
#12 [internal function]: Illuminate\\Foundation\\Application->Illuminate\\Foundation\\{closure}(Object(App\\Providers\\AppServiceProvider), 20)
#13 /var/www/Server/Projects/dev/front-gate/vendor/laravel/framework/src/Illuminate/Foundation/Application.php(803): array_walk(Array, Object(Closure))
#14 /var/www/Server/Projects/dev/front-gate/vendor/laravel/framework/src/Illuminate/Foundation/Bootstrap/BootProviders.php(17): Illuminate\\Foundation\\Application->boot()
#15 /var/www/Server/Projects/dev/front-gate/vendor/laravel/framework/src/Illuminate/Foundation/Application.php(211): Illuminate\\Foundation\\Bootstrap\\BootProviders->bootstrap(Object(Illuminate\\Foundation\\Application))
#16 /var/www/Server/Projects/dev/front-gate/vendor/laravel/framework/src/Illuminate/Foundation/Console/Kernel.php(297): Illuminate\\Foundation\\Application->bootstrapWith(Array)
#17 /var/www/Server/Projects/dev/front-gate/vendor/laravel/framework/src/Illuminate/Foundation/Console/Kernel.php(120): Illuminate\\Foundation\\Console\\Kernel->bootstrap()
#18 /var/www/Server/Projects/dev/front-gate/artisan(37): Illuminate\\Foundation\\Console\\Kernel->handle(Object(Symfony\\Component\\Console\\Input\\ArgvInput), Object(Symfony\\Component\\Console\\Output\\ConsoleOutput))
#19 {main}
"} 
[2019-10-30 12:47:48] local.ERROR: SQLSTATE[HY000] [1045] Access denied for user 'forge'@'localhost' (using password: NO) (SQL: SET FOREIGN_KEY_CHECKS=1;) {"exception":"[object] (Illuminate\\Database\\QueryException(code: 1045): SQLSTATE[HY000] [1045] Access denied for user 'forge'@'localhost' (using password: NO) (SQL: SET FOREIGN_KEY_CHECKS=1;) at /var/www/Server/Projects/dev/front-gate/vendor/laravel/framework/src/Illuminate/Database/Connection.php:664, PDOException(code: 1045): SQLSTATE[HY000] [1045] Access denied for user 'forge'@'localhost' (using password: NO) at /var/www/Server/Projects/dev/front-gate/vendor/laravel/framework/src/Illuminate/Database/Connectors/Connector.php:70)
[stacktrace]
#0 /var/www/Server/Projects/dev/front-gate/vendor/laravel/framework/src/Illuminate/Database/Connection.php(624): Illuminate\\Database\\Connection->runQueryCallback('SET FOREIGN_KEY...', Array, Object(Closure))
#1 /var/www/Server/Projects/dev/front-gate/vendor/laravel/framework/src/Illuminate/Database/Connection.php(459): Illuminate\\Database\\Connection->run('SET FOREIGN_KEY...', Array, Object(Closure))
#2 /var/www/Server/Projects/dev/front-gate/vendor/laravel/framework/src/Illuminate/Database/Schema/Builder.php(240): Illuminate\\Database\\Connection->statement('SET FOREIGN_KEY...')
#3 /var/www/Server/Projects/dev/front-gate/vendor/laravel/framework/src/Illuminate/Support/Facades/Facade.php(237): Illuminate\\Database\\Schema\\Builder->enableForeignKeyConstraints()
#4 /var/www/Server/Projects/dev/front-gate/app/Providers/AppServiceProvider.php(24): Illuminate\\Support\\Facades\\Facade::__callStatic('enableForeignKe...', Array)
#5 [internal function]: App\\Providers\\AppServiceProvider->boot()
#6 /var/www/Server/Projects/dev/front-gate/vendor/laravel/framework/src/Illuminate/Container/BoundMethod.php(29): call_user_func_array(Array, Array)
#7 /var/www/Server/Projects/dev/front-gate/vendor/laravel/framework/src/Illuminate/Container/BoundMethod.php(87): Illuminate\\Container\\BoundMethod::Illuminate\\Container\\{closure}()
#8 /var/www/Server/Projects/dev/front-gate/vendor/laravel/framework/src/Illuminate/Container/BoundMethod.php(31): Illuminate\\Container\\BoundMethod::callBoundMethod(Object(Illuminate\\Foundation\\Application), Array, Object(Closure))
#9 /var/www/Server/Projects/dev/front-gate/vendor/laravel/framework/src/Illuminate/Container/Container.php(572): Illuminate\\Container\\BoundMethod::call(Object(Illuminate\\Foundation\\Application), Array, Array, NULL)
#10 /var/www/Server/Projects/dev/front-gate/vendor/laravel/framework/src/Illuminate/Foundation/Application.php(819): Illuminate\\Container\\Container->call(Array)
#11 /var/www/Server/Projects/dev/front-gate/vendor/laravel/framework/src/Illuminate/Foundation/Application.php(802): Illuminate\\Foundation\\Application->bootProvider(Object(App\\Providers\\AppServiceProvider))
#12 [internal function]: Illuminate\\Foundation\\Application->Illuminate\\Foundation\\{closure}(Object(App\\Providers\\AppServiceProvider), 20)
#13 /var/www/Server/Projects/dev/front-gate/vendor/laravel/framework/src/Illuminate/Foundation/Application.php(803): array_walk(Array, Object(Closure))
#14 /var/www/Server/Projects/dev/front-gate/vendor/laravel/framework/src/Illuminate/Foundation/Bootstrap/BootProviders.php(17): Illuminate\\Foundation\\Application->boot()
#15 /var/www/Server/Projects/dev/front-gate/vendor/laravel/framework/src/Illuminate/Foundation/Application.php(211): Illuminate\\Foundation\\Bootstrap\\BootProviders->bootstrap(Object(Illuminate\\Foundation\\Application))
#16 /var/www/Server/Projects/dev/front-gate/vendor/laravel/framework/src/Illuminate/Foundation/Console/Kernel.php(297): Illuminate\\Foundation\\Application->bootstrapWith(Array)
#17 /var/www/Server/Projects/dev/front-gate/vendor/laravel/framework/src/Illuminate/Foundation/Console/Kernel.php(120): Illuminate\\Foundation\\Console\\Kernel->bootstrap()
#18 /var/www/Server/Projects/dev/front-gate/artisan(37): Illuminate\\Foundation\\Console\\Kernel->handle(Object(Symfony\\Component\\Console\\Input\\ArgvInput), Object(Symfony\\Component\\Console\\Output\\ConsoleOutput))
#19 {main}
"} 
[2019-10-30 12:47:48] local.ERROR: SQLSTATE[HY000] [1045] Access denied for user 'forge'@'localhost' (using password: NO) (SQL: SET FOREIGN_KEY_CHECKS=1;) {"exception":"[object] (Illuminate\\Database\\QueryException(code: 1045): SQLSTATE[HY000] [1045] Access denied for user 'forge'@'localhost' (using password: NO) (SQL: SET FOREIGN_KEY_CHECKS=1;) at /var/www/Server/Projects/dev/front-gate/vendor/laravel/framework/src/Illuminate/Database/Connection.php:664, PDOException(code: 1045): SQLSTATE[HY000] [1045] Access denied for user 'forge'@'localhost' (using password: NO) at /var/www/Server/Projects/dev/front-gate/vendor/laravel/framework/src/Illuminate/Database/Connectors/Connector.php:70)
[stacktrace]
#0 /var/www/Server/Projects/dev/front-gate/vendor/laravel/framework/src/Illuminate/Database/Connection.php(624): Illuminate\\Database\\Connection->runQueryCallback('SET FOREIGN_KEY...', Array, Object(Closure))
#1 /var/www/Server/Projects/dev/front-gate/vendor/laravel/framework/src/Illuminate/Database/Connection.php(459): Illuminate\\Database\\Connection->run('SET FOREIGN_KEY...', Array, Object(Closure))
#2 /var/www/Server/Projects/dev/front-gate/vendor/laravel/framework/src/Illuminate/Database/Schema/Builder.php(240): Illuminate\\Database\\Connection->statement('SET FOREIGN_KEY...')
#3 /var/www/Server/Projects/dev/front-gate/vendor/laravel/framework/src/Illuminate/Support/Facades/Facade.php(237): Illuminate\\Database\\Schema\\Builder->enableForeignKeyConstraints()
#4 /var/www/Server/Projects/dev/front-gate/app/Providers/AppServiceProvider.php(24): Illuminate\\Support\\Facades\\Facade::__callStatic('enableForeignKe...', Array)
#5 [internal function]: App\\Providers\\AppServiceProvider->boot()
#6 /var/www/Server/Projects/dev/front-gate/vendor/laravel/framework/src/Illuminate/Container/BoundMethod.php(29): call_user_func_array(Array, Array)
#7 /var/www/Server/Projects/dev/front-gate/vendor/laravel/framework/src/Illuminate/Container/BoundMethod.php(87): Illuminate\\Container\\BoundMethod::Illuminate\\Container\\{closure}()
#8 /var/www/Server/Projects/dev/front-gate/vendor/laravel/framework/src/Illuminate/Container/BoundMethod.php(31): Illuminate\\Container\\BoundMethod::callBoundMethod(Object(Illuminate\\Foundation\\Application), Array, Object(Closure))
#9 /var/www/Server/Projects/dev/front-gate/vendor/laravel/framework/src/Illuminate/Container/Container.php(572): Illuminate\\Container\\BoundMethod::call(Object(Illuminate\\Foundation\\Application), Array, Array, NULL)
#10 /var/www/Server/Projects/dev/front-gate/vendor/laravel/framework/src/Illuminate/Foundation/Application.php(819): Illuminate\\Container\\Container->call(Array)
#11 /var/www/Server/Projects/dev/front-gate/vendor/laravel/framework/src/Illuminate/Foundation/Application.php(802): Illuminate\\Foundation\\Application->bootProvider(Object(App\\Providers\\AppServiceProvider))
#12 [internal function]: Illuminate\\Foundation\\Application->Illuminate\\Foundation\\{closure}(Object(App\\Providers\\AppServiceProvider), 20)
#13 /var/www/Server/Projects/dev/front-gate/vendor/laravel/framework/src/Illuminate/Foundation/Application.php(803): array_walk(Array, Object(Closure))
#14 /var/www/Server/Projects/dev/front-gate/vendor/laravel/framework/src/Illuminate/Foundation/Bootstrap/BootProviders.php(17): Illuminate\\Foundation\\Application->boot()
#15 /var/www/Server/Projects/dev/front-gate/vendor/laravel/framework/src/Illuminate/Foundation/Application.php(211): Illuminate\\Foundation\\Bootstrap\\BootProviders->bootstrap(Object(Illuminate\\Foundation\\Application))
#16 /var/www/Server/Projects/dev/front-gate/vendor/laravel/framework/src/Illuminate/Foundation/Console/Kernel.php(297): Illuminate\\Foundation\\Application->bootstrapWith(Array)
#17 /var/www/Server/Projects/dev/front-gate/vendor/laravel/framework/src/Illuminate/Foundation/Console/Kernel.php(120): Illuminate\\Foundation\\Console\\Kernel->bootstrap()
#18 /var/www/Server/Projects/dev/front-gate/artisan(37): Illuminate\\Foundation\\Console\\Kernel->handle(Object(Symfony\\Component\\Console\\Input\\ArgvInput), Object(Symfony\\Component\\Console\\Output\\ConsoleOutput))
#19 {main}
"} 
[2019-10-30 12:48:02] local.ERROR: SQLSTATE[HY000] [1045] Access denied for user 'forge'@'localhost' (using password: NO) (SQL: SET FOREIGN_KEY_CHECKS=1;) {"exception":"[object] (Illuminate\\Database\\QueryException(code: 1045): SQLSTATE[HY000] [1045] Access denied for user 'forge'@'localhost' (using password: NO) (SQL: SET FOREIGN_KEY_CHECKS=1;) at /var/www/Server/Projects/dev/front-gate/vendor/laravel/framework/src/Illuminate/Database/Connection.php:664, PDOException(code: 1045): SQLSTATE[HY000] [1045] Access denied for user 'forge'@'localhost' (using password: NO) at /var/www/Server/Projects/dev/front-gate/vendor/laravel/framework/src/Illuminate/Database/Connectors/Connector.php:70)
[stacktrace]
#0 /var/www/Server/Projects/dev/front-gate/vendor/laravel/framework/src/Illuminate/Database/Connection.php(624): Illuminate\\Database\\Connection->runQueryCallback('SET FOREIGN_KEY...', Array, Object(Closure))
#1 /var/www/Server/Projects/dev/front-gate/vendor/laravel/framework/src/Illuminate/Database/Connection.php(459): Illuminate\\Database\\Connection->run('SET FOREIGN_KEY...', Array, Object(Closure))
#2 /var/www/Server/Projects/dev/front-gate/vendor/laravel/framework/src/Illuminate/Database/Schema/Builder.php(240): Illuminate\\Database\\Connection->statement('SET FOREIGN_KEY...')
#3 /var/www/Server/Projects/dev/front-gate/vendor/laravel/framework/src/Illuminate/Support/Facades/Facade.php(237): Illuminate\\Database\\Schema\\Builder->enableForeignKeyConstraints()
#4 /var/www/Server/Projects/dev/front-gate/app/Providers/AppServiceProvider.php(24): Illuminate\\Support\\Facades\\Facade::__callStatic('enableForeignKe...', Array)
#5 [internal function]: App\\Providers\\AppServiceProvider->boot()
#6 /var/www/Server/Projects/dev/front-gate/vendor/laravel/framework/src/Illuminate/Container/BoundMethod.php(29): call_user_func_array(Array, Array)
#7 /var/www/Server/Projects/dev/front-gate/vendor/laravel/framework/src/Illuminate/Container/BoundMethod.php(87): Illuminate\\Container\\BoundMethod::Illuminate\\Container\\{closure}()
#8 /var/www/Server/Projects/dev/front-gate/vendor/laravel/framework/src/Illuminate/Container/BoundMethod.php(31): Illuminate\\Container\\BoundMethod::callBoundMethod(Object(Illuminate\\Foundation\\Application), Array, Object(Closure))
#9 /var/www/Server/Projects/dev/front-gate/vendor/laravel/framework/src/Illuminate/Container/Container.php(572): Illuminate\\Container\\BoundMethod::call(Object(Illuminate\\Foundation\\Application), Array, Array, NULL)
#10 /var/www/Server/Projects/dev/front-gate/vendor/laravel/framework/src/Illuminate/Foundation/Application.php(819): Illuminate\\Container\\Container->call(Array)
#11 /var/www/Server/Projects/dev/front-gate/vendor/laravel/framework/src/Illuminate/Foundation/Application.php(802): Illuminate\\Foundation\\Application->bootProvider(Object(App\\Providers\\AppServiceProvider))
#12 [internal function]: Illuminate\\Foundation\\Application->Illuminate\\Foundation\\{closure}(Object(App\\Providers\\AppServiceProvider), 20)
#13 /var/www/Server/Projects/dev/front-gate/vendor/laravel/framework/src/Illuminate/Foundation/Application.php(803): array_walk(Array, Object(Closure))
#14 /var/www/Server/Projects/dev/front-gate/vendor/laravel/framework/src/Illuminate/Foundation/Bootstrap/BootProviders.php(17): Illuminate\\Foundation\\Application->boot()
#15 /var/www/Server/Projects/dev/front-gate/vendor/laravel/framework/src/Illuminate/Foundation/Application.php(211): Illuminate\\Foundation\\Bootstrap\\BootProviders->bootstrap(Object(Illuminate\\Foundation\\Application))
#16 /var/www/Server/Projects/dev/front-gate/vendor/laravel/framework/src/Illuminate/Foundation/Console/Kernel.php(297): Illuminate\\Foundation\\Application->bootstrapWith(Array)
#17 /var/www/Server/Projects/dev/front-gate/vendor/laravel/framework/src/Illuminate/Foundation/Console/Kernel.php(120): Illuminate\\Foundation\\Console\\Kernel->bootstrap()
#18 /var/www/Server/Projects/dev/front-gate/artisan(37): Illuminate\\Foundation\\Console\\Kernel->handle(Object(Symfony\\Component\\Console\\Input\\ArgvInput), Object(Symfony\\Component\\Console\\Output\\ConsoleOutput))
#19 {main}
"} 
[2019-10-30 12:48:02] local.ERROR: SQLSTATE[HY000] [1045] Access denied for user 'forge'@'localhost' (using password: NO) (SQL: SET FOREIGN_KEY_CHECKS=1;) {"exception":"[object] (Illuminate\\Database\\QueryException(code: 1045): SQLSTATE[HY000] [1045] Access denied for user 'forge'@'localhost' (using password: NO) (SQL: SET FOREIGN_KEY_CHECKS=1;) at /var/www/Server/Projects/dev/front-gate/vendor/laravel/framework/src/Illuminate/Database/Connection.php:664, PDOException(code: 1045): SQLSTATE[HY000] [1045] Access denied for user 'forge'@'localhost' (using password: NO) at /var/www/Server/Projects/dev/front-gate/vendor/laravel/framework/src/Illuminate/Database/Connectors/Connector.php:70)
[stacktrace]
#0 /var/www/Server/Projects/dev/front-gate/vendor/laravel/framework/src/Illuminate/Database/Connection.php(624): Illuminate\\Database\\Connection->runQueryCallback('SET FOREIGN_KEY...', Array, Object(Closure))
#1 /var/www/Server/Projects/dev/front-gate/vendor/laravel/framework/src/Illuminate/Database/Connection.php(459): Illuminate\\Database\\Connection->run('SET FOREIGN_KEY...', Array, Object(Closure))
#2 /var/www/Server/Projects/dev/front-gate/vendor/laravel/framework/src/Illuminate/Database/Schema/Builder.php(240): Illuminate\\Database\\Connection->statement('SET FOREIGN_KEY...')
#3 /var/www/Server/Projects/dev/front-gate/vendor/laravel/framework/src/Illuminate/Support/Facades/Facade.php(237): Illuminate\\Database\\Schema\\Builder->enableForeignKeyConstraints()
#4 /var/www/Server/Projects/dev/front-gate/app/Providers/AppServiceProvider.php(24): Illuminate\\Support\\Facades\\Facade::__callStatic('enableForeignKe...', Array)
#5 [internal function]: App\\Providers\\AppServiceProvider->boot()
#6 /var/www/Server/Projects/dev/front-gate/vendor/laravel/framework/src/Illuminate/Container/BoundMethod.php(29): call_user_func_array(Array, Array)
#7 /var/www/Server/Projects/dev/front-gate/vendor/laravel/framework/src/Illuminate/Container/BoundMethod.php(87): Illuminate\\Container\\BoundMethod::Illuminate\\Container\\{closure}()
#8 /var/www/Server/Projects/dev/front-gate/vendor/laravel/framework/src/Illuminate/Container/BoundMethod.php(31): Illuminate\\Container\\BoundMethod::callBoundMethod(Object(Illuminate\\Foundation\\Application), Array, Object(Closure))
#9 /var/www/Server/Projects/dev/front-gate/vendor/laravel/framework/src/Illuminate/Container/Container.php(572): Illuminate\\Container\\BoundMethod::call(Object(Illuminate\\Foundation\\Application), Array, Array, NULL)
#10 /var/www/Server/Projects/dev/front-gate/vendor/laravel/framework/src/Illuminate/Foundation/Application.php(819): Illuminate\\Container\\Container->call(Array)
#11 /var/www/Server/Projects/dev/front-gate/vendor/laravel/framework/src/Illuminate/Foundation/Application.php(802): Illuminate\\Foundation\\Application->bootProvider(Object(App\\Providers\\AppServiceProvider))
#12 [internal function]: Illuminate\\Foundation\\Application->Illuminate\\Foundation\\{closure}(Object(App\\Providers\\AppServiceProvider), 20)
#13 /var/www/Server/Projects/dev/front-gate/vendor/laravel/framework/src/Illuminate/Foundation/Application.php(803): array_walk(Array, Object(Closure))
#14 /var/www/Server/Projects/dev/front-gate/vendor/laravel/framework/src/Illuminate/Foundation/Bootstrap/BootProviders.php(17): Illuminate\\Foundation\\Application->boot()
#15 /var/www/Server/Projects/dev/front-gate/vendor/laravel/framework/src/Illuminate/Foundation/Application.php(211): Illuminate\\Foundation\\Bootstrap\\BootProviders->bootstrap(Object(Illuminate\\Foundation\\Application))
#16 /var/www/Server/Projects/dev/front-gate/vendor/laravel/framework/src/Illuminate/Foundation/Console/Kernel.php(297): Illuminate\\Foundation\\Application->bootstrapWith(Array)
#17 /var/www/Server/Projects/dev/front-gate/vendor/laravel/framework/src/Illuminate/Foundation/Console/Kernel.php(120): Illuminate\\Foundation\\Console\\Kernel->bootstrap()
#18 /var/www/Server/Projects/dev/front-gate/artisan(37): Illuminate\\Foundation\\Console\\Kernel->handle(Object(Symfony\\Component\\Console\\Input\\ArgvInput), Object(Symfony\\Component\\Console\\Output\\ConsoleOutput))
#19 {main}
"} 
[2019-10-30 12:48:02] local.ERROR: SQLSTATE[HY000] [1045] Access denied for user 'forge'@'localhost' (using password: NO) (SQL: SET FOREIGN_KEY_CHECKS=1;) {"exception":"[object] (Illuminate\\Database\\QueryException(code: 1045): SQLSTATE[HY000] [1045] Access denied for user 'forge'@'localhost' (using password: NO) (SQL: SET FOREIGN_KEY_CHECKS=1;) at /var/www/Server/Projects/dev/front-gate/vendor/laravel/framework/src/Illuminate/Database/Connection.php:664, PDOException(code: 1045): SQLSTATE[HY000] [1045] Access denied for user 'forge'@'localhost' (using password: NO) at /var/www/Server/Projects/dev/front-gate/vendor/laravel/framework/src/Illuminate/Database/Connectors/Connector.php:70)
[stacktrace]
#0 /var/www/Server/Projects/dev/front-gate/vendor/laravel/framework/src/Illuminate/Database/Connection.php(624): Illuminate\\Database\\Connection->runQueryCallback('SET FOREIGN_KEY...', Array, Object(Closure))
#1 /var/www/Server/Projects/dev/front-gate/vendor/laravel/framework/src/Illuminate/Database/Connection.php(459): Illuminate\\Database\\Connection->run('SET FOREIGN_KEY...', Array, Object(Closure))
#2 /var/www/Server/Projects/dev/front-gate/vendor/laravel/framework/src/Illuminate/Database/Schema/Builder.php(240): Illuminate\\Database\\Connection->statement('SET FOREIGN_KEY...')
#3 /var/www/Server/Projects/dev/front-gate/vendor/laravel/framework/src/Illuminate/Support/Facades/Facade.php(237): Illuminate\\Database\\Schema\\Builder->enableForeignKeyConstraints()
#4 /var/www/Server/Projects/dev/front-gate/app/Providers/AppServiceProvider.php(24): Illuminate\\Support\\Facades\\Facade::__callStatic('enableForeignKe...', Array)
#5 [internal function]: App\\Providers\\AppServiceProvider->boot()
#6 /var/www/Server/Projects/dev/front-gate/vendor/laravel/framework/src/Illuminate/Container/BoundMethod.php(29): call_user_func_array(Array, Array)
#7 /var/www/Server/Projects/dev/front-gate/vendor/laravel/framework/src/Illuminate/Container/BoundMethod.php(87): Illuminate\\Container\\BoundMethod::Illuminate\\Container\\{closure}()
#8 /var/www/Server/Projects/dev/front-gate/vendor/laravel/framework/src/Illuminate/Container/BoundMethod.php(31): Illuminate\\Container\\BoundMethod::callBoundMethod(Object(Illuminate\\Foundation\\Application), Array, Object(Closure))
#9 /var/www/Server/Projects/dev/front-gate/vendor/laravel/framework/src/Illuminate/Container/Container.php(572): Illuminate\\Container\\BoundMethod::call(Object(Illuminate\\Foundation\\Application), Array, Array, NULL)
#10 /var/www/Server/Projects/dev/front-gate/vendor/laravel/framework/src/Illuminate/Foundation/Application.php(819): Illuminate\\Container\\Container->call(Array)
#11 /var/www/Server/Projects/dev/front-gate/vendor/laravel/framework/src/Illuminate/Foundation/Application.php(802): Illuminate\\Foundation\\Application->bootProvider(Object(App\\Providers\\AppServiceProvider))
#12 [internal function]: Illuminate\\Foundation\\Application->Illuminate\\Foundation\\{closure}(Object(App\\Providers\\AppServiceProvider), 20)
#13 /var/www/Server/Projects/dev/front-gate/vendor/laravel/framework/src/Illuminate/Foundation/Application.php(803): array_walk(Array, Object(Closure))
#14 /var/www/Server/Projects/dev/front-gate/vendor/laravel/framework/src/Illuminate/Foundation/Bootstrap/BootProviders.php(17): Illuminate\\Foundation\\Application->boot()
#15 /var/www/Server/Projects/dev/front-gate/vendor/laravel/framework/src/Illuminate/Foundation/Application.php(211): Illuminate\\Foundation\\Bootstrap\\BootProviders->bootstrap(Object(Illuminate\\Foundation\\Application))
#16 /var/www/Server/Projects/dev/front-gate/vendor/laravel/framework/src/Illuminate/Foundation/Console/Kernel.php(297): Illuminate\\Foundation\\Application->bootstrapWith(Array)
#17 /var/www/Server/Projects/dev/front-gate/vendor/laravel/framework/src/Illuminate/Foundation/Console/Kernel.php(120): Illuminate\\Foundation\\Console\\Kernel->bootstrap()
#18 /var/www/Server/Projects/dev/front-gate/artisan(37): Illuminate\\Foundation\\Console\\Kernel->handle(Object(Symfony\\Component\\Console\\Input\\ArgvInput), Object(Symfony\\Component\\Console\\Output\\ConsoleOutput))
#19 {main}
"} 
[2019-10-30 12:48:02] local.ERROR: SQLSTATE[HY000] [1045] Access denied for user 'forge'@'localhost' (using password: NO) (SQL: SET FOREIGN_KEY_CHECKS=1;) {"exception":"[object] (Illuminate\\Database\\QueryException(code: 1045): SQLSTATE[HY000] [1045] Access denied for user 'forge'@'localhost' (using password: NO) (SQL: SET FOREIGN_KEY_CHECKS=1;) at /var/www/Server/Projects/dev/front-gate/vendor/laravel/framework/src/Illuminate/Database/Connection.php:664, PDOException(code: 1045): SQLSTATE[HY000] [1045] Access denied for user 'forge'@'localhost' (using password: NO) at /var/www/Server/Projects/dev/front-gate/vendor/laravel/framework/src/Illuminate/Database/Connectors/Connector.php:70)
[stacktrace]
#0 /var/www/Server/Projects/dev/front-gate/vendor/laravel/framework/src/Illuminate/Database/Connection.php(624): Illuminate\\Database\\Connection->runQueryCallback('SET FOREIGN_KEY...', Array, Object(Closure))
#1 /var/www/Server/Projects/dev/front-gate/vendor/laravel/framework/src/Illuminate/Database/Connection.php(459): Illuminate\\Database\\Connection->run('SET FOREIGN_KEY...', Array, Object(Closure))
#2 /var/www/Server/Projects/dev/front-gate/vendor/laravel/framework/src/Illuminate/Database/Schema/Builder.php(240): Illuminate\\Database\\Connection->statement('SET FOREIGN_KEY...')
#3 /var/www/Server/Projects/dev/front-gate/vendor/laravel/framework/src/Illuminate/Support/Facades/Facade.php(237): Illuminate\\Database\\Schema\\Builder->enableForeignKeyConstraints()
#4 /var/www/Server/Projects/dev/front-gate/app/Providers/AppServiceProvider.php(24): Illuminate\\Support\\Facades\\Facade::__callStatic('enableForeignKe...', Array)
#5 [internal function]: App\\Providers\\AppServiceProvider->boot()
#6 /var/www/Server/Projects/dev/front-gate/vendor/laravel/framework/src/Illuminate/Container/BoundMethod.php(29): call_user_func_array(Array, Array)
#7 /var/www/Server/Projects/dev/front-gate/vendor/laravel/framework/src/Illuminate/Container/BoundMethod.php(87): Illuminate\\Container\\BoundMethod::Illuminate\\Container\\{closure}()
#8 /var/www/Server/Projects/dev/front-gate/vendor/laravel/framework/src/Illuminate/Container/BoundMethod.php(31): Illuminate\\Container\\BoundMethod::callBoundMethod(Object(Illuminate\\Foundation\\Application), Array, Object(Closure))
#9 /var/www/Server/Projects/dev/front-gate/vendor/laravel/framework/src/Illuminate/Container/Container.php(572): Illuminate\\Container\\BoundMethod::call(Object(Illuminate\\Foundation\\Application), Array, Array, NULL)
#10 /var/www/Server/Projects/dev/front-gate/vendor/laravel/framework/src/Illuminate/Foundation/Application.php(819): Illuminate\\Container\\Container->call(Array)
#11 /var/www/Server/Projects/dev/front-gate/vendor/laravel/framework/src/Illuminate/Foundation/Application.php(802): Illuminate\\Foundation\\Application->bootProvider(Object(App\\Providers\\AppServiceProvider))
#12 [internal function]: Illuminate\\Foundation\\Application->Illuminate\\Foundation\\{closure}(Object(App\\Providers\\AppServiceProvider), 20)
#13 /var/www/Server/Projects/dev/front-gate/vendor/laravel/framework/src/Illuminate/Foundation/Application.php(803): array_walk(Array, Object(Closure))
#14 /var/www/Server/Projects/dev/front-gate/vendor/laravel/framework/src/Illuminate/Foundation/Bootstrap/BootProviders.php(17): Illuminate\\Foundation\\Application->boot()
#15 /var/www/Server/Projects/dev/front-gate/vendor/laravel/framework/src/Illuminate/Foundation/Application.php(211): Illuminate\\Foundation\\Bootstrap\\BootProviders->bootstrap(Object(Illuminate\\Foundation\\Application))
#16 /var/www/Server/Projects/dev/front-gate/vendor/laravel/framework/src/Illuminate/Foundation/Console/Kernel.php(297): Illuminate\\Foundation\\Application->bootstrapWith(Array)
#17 /var/www/Server/Projects/dev/front-gate/vendor/laravel/framework/src/Illuminate/Foundation/Console/Kernel.php(120): Illuminate\\Foundation\\Console\\Kernel->bootstrap()
#18 /var/www/Server/Projects/dev/front-gate/artisan(37): Illuminate\\Foundation\\Console\\Kernel->handle(Object(Symfony\\Component\\Console\\Input\\ArgvInput), Object(Symfony\\Component\\Console\\Output\\ConsoleOutput))
#19 {main}
"} 
[2019-10-30 12:48:02] local.ERROR: SQLSTATE[HY000] [1045] Access denied for user 'forge'@'localhost' (using password: NO) (SQL: SET FOREIGN_KEY_CHECKS=1;) {"exception":"[object] (Illuminate\\Database\\QueryException(code: 1045): SQLSTATE[HY000] [1045] Access denied for user 'forge'@'localhost' (using password: NO) (SQL: SET FOREIGN_KEY_CHECKS=1;) at /var/www/Server/Projects/dev/front-gate/vendor/laravel/framework/src/Illuminate/Database/Connection.php:664, PDOException(code: 1045): SQLSTATE[HY000] [1045] Access denied for user 'forge'@'localhost' (using password: NO) at /var/www/Server/Projects/dev/front-gate/vendor/laravel/framework/src/Illuminate/Database/Connectors/Connector.php:70)
[stacktrace]
#0 /var/www/Server/Projects/dev/front-gate/vendor/laravel/framework/src/Illuminate/Database/Connection.php(624): Illuminate\\Database\\Connection->runQueryCallback('SET FOREIGN_KEY...', Array, Object(Closure))
#1 /var/www/Server/Projects/dev/front-gate/vendor/laravel/framework/src/Illuminate/Database/Connection.php(459): Illuminate\\Database\\Connection->run('SET FOREIGN_KEY...', Array, Object(Closure))
#2 /var/www/Server/Projects/dev/front-gate/vendor/laravel/framework/src/Illuminate/Database/Schema/Builder.php(240): Illuminate\\Database\\Connection->statement('SET FOREIGN_KEY...')
#3 /var/www/Server/Projects/dev/front-gate/vendor/laravel/framework/src/Illuminate/Support/Facades/Facade.php(237): Illuminate\\Database\\Schema\\Builder->enableForeignKeyConstraints()
#4 /var/www/Server/Projects/dev/front-gate/app/Providers/AppServiceProvider.php(24): Illuminate\\Support\\Facades\\Facade::__callStatic('enableForeignKe...', Array)
#5 [internal function]: App\\Providers\\AppServiceProvider->boot()
#6 /var/www/Server/Projects/dev/front-gate/vendor/laravel/framework/src/Illuminate/Container/BoundMethod.php(29): call_user_func_array(Array, Array)
#7 /var/www/Server/Projects/dev/front-gate/vendor/laravel/framework/src/Illuminate/Container/BoundMethod.php(87): Illuminate\\Container\\BoundMethod::Illuminate\\Container\\{closure}()
#8 /var/www/Server/Projects/dev/front-gate/vendor/laravel/framework/src/Illuminate/Container/BoundMethod.php(31): Illuminate\\Container\\BoundMethod::callBoundMethod(Object(Illuminate\\Foundation\\Application), Array, Object(Closure))
#9 /var/www/Server/Projects/dev/front-gate/vendor/laravel/framework/src/Illuminate/Container/Container.php(572): Illuminate\\Container\\BoundMethod::call(Object(Illuminate\\Foundation\\Application), Array, Array, NULL)
#10 /var/www/Server/Projects/dev/front-gate/vendor/laravel/framework/src/Illuminate/Foundation/Application.php(819): Illuminate\\Container\\Container->call(Array)
#11 /var/www/Server/Projects/dev/front-gate/vendor/laravel/framework/src/Illuminate/Foundation/Application.php(802): Illuminate\\Foundation\\Application->bootProvider(Object(App\\Providers\\AppServiceProvider))
#12 [internal function]: Illuminate\\Foundation\\Application->Illuminate\\Foundation\\{closure}(Object(App\\Providers\\AppServiceProvider), 20)
#13 /var/www/Server/Projects/dev/front-gate/vendor/laravel/framework/src/Illuminate/Foundation/Application.php(803): array_walk(Array, Object(Closure))
#14 /var/www/Server/Projects/dev/front-gate/vendor/laravel/framework/src/Illuminate/Foundation/Bootstrap/BootProviders.php(17): Illuminate\\Foundation\\Application->boot()
#15 /var/www/Server/Projects/dev/front-gate/vendor/laravel/framework/src/Illuminate/Foundation/Application.php(211): Illuminate\\Foundation\\Bootstrap\\BootProviders->bootstrap(Object(Illuminate\\Foundation\\Application))
#16 /var/www/Server/Projects/dev/front-gate/vendor/laravel/framework/src/Illuminate/Foundation/Console/Kernel.php(297): Illuminate\\Foundation\\Application->bootstrapWith(Array)
#17 /var/www/Server/Projects/dev/front-gate/vendor/laravel/framework/src/Illuminate/Foundation/Console/Kernel.php(120): Illuminate\\Foundation\\Console\\Kernel->bootstrap()
#18 /var/www/Server/Projects/dev/front-gate/artisan(37): Illuminate\\Foundation\\Console\\Kernel->handle(Object(Symfony\\Component\\Console\\Input\\ArgvInput), Object(Symfony\\Component\\Console\\Output\\ConsoleOutput))
#19 {main}
"} 
[2019-10-30 12:48:02] local.ERROR: SQLSTATE[HY000] [1045] Access denied for user 'forge'@'localhost' (using password: NO) (SQL: SET FOREIGN_KEY_CHECKS=1;) {"exception":"[object] (Illuminate\\Database\\QueryException(code: 1045): SQLSTATE[HY000] [1045] Access denied for user 'forge'@'localhost' (using password: NO) (SQL: SET FOREIGN_KEY_CHECKS=1;) at /var/www/Server/Projects/dev/front-gate/vendor/laravel/framework/src/Illuminate/Database/Connection.php:664, PDOException(code: 1045): SQLSTATE[HY000] [1045] Access denied for user 'forge'@'localhost' (using password: NO) at /var/www/Server/Projects/dev/front-gate/vendor/laravel/framework/src/Illuminate/Database/Connectors/Connector.php:70)
[stacktrace]
#0 /var/www/Server/Projects/dev/front-gate/vendor/laravel/framework/src/Illuminate/Database/Connection.php(624): Illuminate\\Database\\Connection->runQueryCallback('SET FOREIGN_KEY...', Array, Object(Closure))
#1 /var/www/Server/Projects/dev/front-gate/vendor/laravel/framework/src/Illuminate/Database/Connection.php(459): Illuminate\\Database\\Connection->run('SET FOREIGN_KEY...', Array, Object(Closure))
#2 /var/www/Server/Projects/dev/front-gate/vendor/laravel/framework/src/Illuminate/Database/Schema/Builder.php(240): Illuminate\\Database\\Connection->statement('SET FOREIGN_KEY...')
#3 /var/www/Server/Projects/dev/front-gate/vendor/laravel/framework/src/Illuminate/Support/Facades/Facade.php(237): Illuminate\\Database\\Schema\\Builder->enableForeignKeyConstraints()
#4 /var/www/Server/Projects/dev/front-gate/app/Providers/AppServiceProvider.php(24): Illuminate\\Support\\Facades\\Facade::__callStatic('enableForeignKe...', Array)
#5 [internal function]: App\\Providers\\AppServiceProvider->boot()
#6 /var/www/Server/Projects/dev/front-gate/vendor/laravel/framework/src/Illuminate/Container/BoundMethod.php(29): call_user_func_array(Array, Array)
#7 /var/www/Server/Projects/dev/front-gate/vendor/laravel/framework/src/Illuminate/Container/BoundMethod.php(87): Illuminate\\Container\\BoundMethod::Illuminate\\Container\\{closure}()
#8 /var/www/Server/Projects/dev/front-gate/vendor/laravel/framework/src/Illuminate/Container/BoundMethod.php(31): Illuminate\\Container\\BoundMethod::callBoundMethod(Object(Illuminate\\Foundation\\Application), Array, Object(Closure))
#9 /var/www/Server/Projects/dev/front-gate/vendor/laravel/framework/src/Illuminate/Container/Container.php(572): Illuminate\\Container\\BoundMethod::call(Object(Illuminate\\Foundation\\Application), Array, Array, NULL)
#10 /var/www/Server/Projects/dev/front-gate/vendor/laravel/framework/src/Illuminate/Foundation/Application.php(819): Illuminate\\Container\\Container->call(Array)
#11 /var/www/Server/Projects/dev/front-gate/vendor/laravel/framework/src/Illuminate/Foundation/Application.php(802): Illuminate\\Foundation\\Application->bootProvider(Object(App\\Providers\\AppServiceProvider))
#12 [internal function]: Illuminate\\Foundation\\Application->Illuminate\\Foundation\\{closure}(Object(App\\Providers\\AppServiceProvider), 20)
#13 /var/www/Server/Projects/dev/front-gate/vendor/laravel/framework/src/Illuminate/Foundation/Application.php(803): array_walk(Array, Object(Closure))
#14 /var/www/Server/Projects/dev/front-gate/vendor/laravel/framework/src/Illuminate/Foundation/Bootstrap/BootProviders.php(17): Illuminate\\Foundation\\Application->boot()
#15 /var/www/Server/Projects/dev/front-gate/vendor/laravel/framework/src/Illuminate/Foundation/Application.php(211): Illuminate\\Foundation\\Bootstrap\\BootProviders->bootstrap(Object(Illuminate\\Foundation\\Application))
#16 /var/www/Server/Projects/dev/front-gate/vendor/laravel/framework/src/Illuminate/Foundation/Console/Kernel.php(297): Illuminate\\Foundation\\Application->bootstrapWith(Array)
#17 /var/www/Server/Projects/dev/front-gate/vendor/laravel/framework/src/Illuminate/Foundation/Console/Kernel.php(120): Illuminate\\Foundation\\Console\\Kernel->bootstrap()
#18 /var/www/Server/Projects/dev/front-gate/artisan(37): Illuminate\\Foundation\\Console\\Kernel->handle(Object(Symfony\\Component\\Console\\Input\\ArgvInput), Object(Symfony\\Component\\Console\\Output\\ConsoleOutput))
#19 {main}
"} 
[2019-10-30 12:48:03] local.ERROR: SQLSTATE[HY000] [1045] Access denied for user 'forge'@'localhost' (using password: NO) (SQL: SET FOREIGN_KEY_CHECKS=1;) {"exception":"[object] (Illuminate\\Database\\QueryException(code: 1045): SQLSTATE[HY000] [1045] Access denied for user 'forge'@'localhost' (using password: NO) (SQL: SET FOREIGN_KEY_CHECKS=1;) at /var/www/Server/Projects/dev/front-gate/vendor/laravel/framework/src/Illuminate/Database/Connection.php:664, PDOException(code: 1045): SQLSTATE[HY000] [1045] Access denied for user 'forge'@'localhost' (using password: NO) at /var/www/Server/Projects/dev/front-gate/vendor/laravel/framework/src/Illuminate/Database/Connectors/Connector.php:70)
[stacktrace]
#0 /var/www/Server/Projects/dev/front-gate/vendor/laravel/framework/src/Illuminate/Database/Connection.php(624): Illuminate\\Database\\Connection->runQueryCallback('SET FOREIGN_KEY...', Array, Object(Closure))
#1 /var/www/Server/Projects/dev/front-gate/vendor/laravel/framework/src/Illuminate/Database/Connection.php(459): Illuminate\\Database\\Connection->run('SET FOREIGN_KEY...', Array, Object(Closure))
#2 /var/www/Server/Projects/dev/front-gate/vendor/laravel/framework/src/Illuminate/Database/Schema/Builder.php(240): Illuminate\\Database\\Connection->statement('SET FOREIGN_KEY...')
#3 /var/www/Server/Projects/dev/front-gate/vendor/laravel/framework/src/Illuminate/Support/Facades/Facade.php(237): Illuminate\\Database\\Schema\\Builder->enableForeignKeyConstraints()
#4 /var/www/Server/Projects/dev/front-gate/app/Providers/AppServiceProvider.php(24): Illuminate\\Support\\Facades\\Facade::__callStatic('enableForeignKe...', Array)
#5 [internal function]: App\\Providers\\AppServiceProvider->boot()
#6 /var/www/Server/Projects/dev/front-gate/vendor/laravel/framework/src/Illuminate/Container/BoundMethod.php(29): call_user_func_array(Array, Array)
#7 /var/www/Server/Projects/dev/front-gate/vendor/laravel/framework/src/Illuminate/Container/BoundMethod.php(87): Illuminate\\Container\\BoundMethod::Illuminate\\Container\\{closure}()
#8 /var/www/Server/Projects/dev/front-gate/vendor/laravel/framework/src/Illuminate/Container/BoundMethod.php(31): Illuminate\\Container\\BoundMethod::callBoundMethod(Object(Illuminate\\Foundation\\Application), Array, Object(Closure))
#9 /var/www/Server/Projects/dev/front-gate/vendor/laravel/framework/src/Illuminate/Container/Container.php(572): Illuminate\\Container\\BoundMethod::call(Object(Illuminate\\Foundation\\Application), Array, Array, NULL)
#10 /var/www/Server/Projects/dev/front-gate/vendor/laravel/framework/src/Illuminate/Foundation/Application.php(819): Illuminate\\Container\\Container->call(Array)
#11 /var/www/Server/Projects/dev/front-gate/vendor/laravel/framework/src/Illuminate/Foundation/Application.php(802): Illuminate\\Foundation\\Application->bootProvider(Object(App\\Providers\\AppServiceProvider))
#12 [internal function]: Illuminate\\Foundation\\Application->Illuminate\\Foundation\\{closure}(Object(App\\Providers\\AppServiceProvider), 20)
#13 /var/www/Server/Projects/dev/front-gate/vendor/laravel/framework/src/Illuminate/Foundation/Application.php(803): array_walk(Array, Object(Closure))
#14 /var/www/Server/Projects/dev/front-gate/vendor/laravel/framework/src/Illuminate/Foundation/Bootstrap/BootProviders.php(17): Illuminate\\Foundation\\Application->boot()
#15 /var/www/Server/Projects/dev/front-gate/vendor/laravel/framework/src/Illuminate/Foundation/Application.php(211): Illuminate\\Foundation\\Bootstrap\\BootProviders->bootstrap(Object(Illuminate\\Foundation\\Application))
#16 /var/www/Server/Projects/dev/front-gate/vendor/laravel/framework/src/Illuminate/Foundation/Console/Kernel.php(297): Illuminate\\Foundation\\Application->bootstrapWith(Array)
#17 /var/www/Server/Projects/dev/front-gate/vendor/laravel/framework/src/Illuminate/Foundation/Console/Kernel.php(120): Illuminate\\Foundation\\Console\\Kernel->bootstrap()
#18 /var/www/Server/Projects/dev/front-gate/artisan(37): Illuminate\\Foundation\\Console\\Kernel->handle(Object(Symfony\\Component\\Console\\Input\\ArgvInput), Object(Symfony\\Component\\Console\\Output\\ConsoleOutput))
#19 {main}
"} 
[2019-10-30 12:48:11] local.ERROR: SQLSTATE[HY000] [1045] Access denied for user 'forge'@'localhost' (using password: NO) (SQL: SET FOREIGN_KEY_CHECKS=1;) {"exception":"[object] (Illuminate\\Database\\QueryException(code: 1045): SQLSTATE[HY000] [1045] Access denied for user 'forge'@'localhost' (using password: NO) (SQL: SET FOREIGN_KEY_CHECKS=1;) at /var/www/Server/Projects/dev/front-gate/vendor/laravel/framework/src/Illuminate/Database/Connection.php:664, PDOException(code: 1045): SQLSTATE[HY000] [1045] Access denied for user 'forge'@'localhost' (using password: NO) at /var/www/Server/Projects/dev/front-gate/vendor/laravel/framework/src/Illuminate/Database/Connectors/Connector.php:70)
[stacktrace]
#0 /var/www/Server/Projects/dev/front-gate/vendor/laravel/framework/src/Illuminate/Database/Connection.php(624): Illuminate\\Database\\Connection->runQueryCallback('SET FOREIGN_KEY...', Array, Object(Closure))
#1 /var/www/Server/Projects/dev/front-gate/vendor/laravel/framework/src/Illuminate/Database/Connection.php(459): Illuminate\\Database\\Connection->run('SET FOREIGN_KEY...', Array, Object(Closure))
#2 /var/www/Server/Projects/dev/front-gate/vendor/laravel/framework/src/Illuminate/Database/Schema/Builder.php(240): Illuminate\\Database\\Connection->statement('SET FOREIGN_KEY...')
#3 /var/www/Server/Projects/dev/front-gate/vendor/laravel/framework/src/Illuminate/Support/Facades/Facade.php(237): Illuminate\\Database\\Schema\\Builder->enableForeignKeyConstraints()
#4 /var/www/Server/Projects/dev/front-gate/app/Providers/AppServiceProvider.php(24): Illuminate\\Support\\Facades\\Facade::__callStatic('enableForeignKe...', Array)
#5 [internal function]: App\\Providers\\AppServiceProvider->boot()
#6 /var/www/Server/Projects/dev/front-gate/vendor/laravel/framework/src/Illuminate/Container/BoundMethod.php(29): call_user_func_array(Array, Array)
#7 /var/www/Server/Projects/dev/front-gate/vendor/laravel/framework/src/Illuminate/Container/BoundMethod.php(87): Illuminate\\Container\\BoundMethod::Illuminate\\Container\\{closure}()
#8 /var/www/Server/Projects/dev/front-gate/vendor/laravel/framework/src/Illuminate/Container/BoundMethod.php(31): Illuminate\\Container\\BoundMethod::callBoundMethod(Object(Illuminate\\Foundation\\Application), Array, Object(Closure))
#9 /var/www/Server/Projects/dev/front-gate/vendor/laravel/framework/src/Illuminate/Container/Container.php(572): Illuminate\\Container\\BoundMethod::call(Object(Illuminate\\Foundation\\Application), Array, Array, NULL)
#10 /var/www/Server/Projects/dev/front-gate/vendor/laravel/framework/src/Illuminate/Foundation/Application.php(819): Illuminate\\Container\\Container->call(Array)
#11 /var/www/Server/Projects/dev/front-gate/vendor/laravel/framework/src/Illuminate/Foundation/Application.php(802): Illuminate\\Foundation\\Application->bootProvider(Object(App\\Providers\\AppServiceProvider))
#12 [internal function]: Illuminate\\Foundation\\Application->Illuminate\\Foundation\\{closure}(Object(App\\Providers\\AppServiceProvider), 20)
#13 /var/www/Server/Projects/dev/front-gate/vendor/laravel/framework/src/Illuminate/Foundation/Application.php(803): array_walk(Array, Object(Closure))
#14 /var/www/Server/Projects/dev/front-gate/vendor/laravel/framework/src/Illuminate/Foundation/Bootstrap/BootProviders.php(17): Illuminate\\Foundation\\Application->boot()
#15 /var/www/Server/Projects/dev/front-gate/vendor/laravel/framework/src/Illuminate/Foundation/Application.php(211): Illuminate\\Foundation\\Bootstrap\\BootProviders->bootstrap(Object(Illuminate\\Foundation\\Application))
#16 /var/www/Server/Projects/dev/front-gate/vendor/laravel/framework/src/Illuminate/Foundation/Http/Kernel.php(162): Illuminate\\Foundation\\Application->bootstrapWith(Array)
#17 /var/www/Server/Projects/dev/front-gate/vendor/laravel/framework/src/Illuminate/Foundation/Http/Kernel.php(146): Illuminate\\Foundation\\Http\\Kernel->bootstrap()
#18 /var/www/Server/Projects/dev/front-gate/vendor/laravel/framework/src/Illuminate/Foundation/Http/Kernel.php(116): Illuminate\\Foundation\\Http\\Kernel->sendRequestThroughRouter(Object(Illuminate\\Http\\Request))
#19 /var/www/Server/Projects/dev/front-gate/public/index.php(55): Illuminate\\Foundation\\Http\\Kernel->handle(Object(Illuminate\\Http\\Request))
#20 {main}
"} 
[2019-10-30 12:48:14] local.ERROR: SQLSTATE[HY000] [1045] Access denied for user 'forge'@'localhost' (using password: NO) (SQL: SET FOREIGN_KEY_CHECKS=1;) {"exception":"[object] (Illuminate\\Database\\QueryException(code: 1045): SQLSTATE[HY000] [1045] Access denied for user 'forge'@'localhost' (using password: NO) (SQL: SET FOREIGN_KEY_CHECKS=1;) at /var/www/Server/Projects/dev/front-gate/vendor/laravel/framework/src/Illuminate/Database/Connection.php:664, PDOException(code: 1045): SQLSTATE[HY000] [1045] Access denied for user 'forge'@'localhost' (using password: NO) at /var/www/Server/Projects/dev/front-gate/vendor/laravel/framework/src/Illuminate/Database/Connectors/Connector.php:70)
[stacktrace]
#0 /var/www/Server/Projects/dev/front-gate/vendor/laravel/framework/src/Illuminate/Database/Connection.php(624): Illuminate\\Database\\Connection->runQueryCallback('SET FOREIGN_KEY...', Array, Object(Closure))
#1 /var/www/Server/Projects/dev/front-gate/vendor/laravel/framework/src/Illuminate/Database/Connection.php(459): Illuminate\\Database\\Connection->run('SET FOREIGN_KEY...', Array, Object(Closure))
#2 /var/www/Server/Projects/dev/front-gate/vendor/laravel/framework/src/Illuminate/Database/Schema/Builder.php(240): Illuminate\\Database\\Connection->statement('SET FOREIGN_KEY...')
#3 /var/www/Server/Projects/dev/front-gate/vendor/laravel/framework/src/Illuminate/Support/Facades/Facade.php(237): Illuminate\\Database\\Schema\\Builder->enableForeignKeyConstraints()
#4 /var/www/Server/Projects/dev/front-gate/app/Providers/AppServiceProvider.php(24): Illuminate\\Support\\Facades\\Facade::__callStatic('enableForeignKe...', Array)
#5 [internal function]: App\\Providers\\AppServiceProvider->boot()
#6 /var/www/Server/Projects/dev/front-gate/vendor/laravel/framework/src/Illuminate/Container/BoundMethod.php(29): call_user_func_array(Array, Array)
#7 /var/www/Server/Projects/dev/front-gate/vendor/laravel/framework/src/Illuminate/Container/BoundMethod.php(87): Illuminate\\Container\\BoundMethod::Illuminate\\Container\\{closure}()
#8 /var/www/Server/Projects/dev/front-gate/vendor/laravel/framework/src/Illuminate/Container/BoundMethod.php(31): Illuminate\\Container\\BoundMethod::callBoundMethod(Object(Illuminate\\Foundation\\Application), Array, Object(Closure))
#9 /var/www/Server/Projects/dev/front-gate/vendor/laravel/framework/src/Illuminate/Container/Container.php(572): Illuminate\\Container\\BoundMethod::call(Object(Illuminate\\Foundation\\Application), Array, Array, NULL)
#10 /var/www/Server/Projects/dev/front-gate/vendor/laravel/framework/src/Illuminate/Foundation/Application.php(819): Illuminate\\Container\\Container->call(Array)
#11 /var/www/Server/Projects/dev/front-gate/vendor/laravel/framework/src/Illuminate/Foundation/Application.php(802): Illuminate\\Foundation\\Application->bootProvider(Object(App\\Providers\\AppServiceProvider))
#12 [internal function]: Illuminate\\Foundation\\Application->Illuminate\\Foundation\\{closure}(Object(App\\Providers\\AppServiceProvider), 20)
#13 /var/www/Server/Projects/dev/front-gate/vendor/laravel/framework/src/Illuminate/Foundation/Application.php(803): array_walk(Array, Object(Closure))
#14 /var/www/Server/Projects/dev/front-gate/vendor/laravel/framework/src/Illuminate/Foundation/Bootstrap/BootProviders.php(17): Illuminate\\Foundation\\Application->boot()
#15 /var/www/Server/Projects/dev/front-gate/vendor/laravel/framework/src/Illuminate/Foundation/Application.php(211): Illuminate\\Foundation\\Bootstrap\\BootProviders->bootstrap(Object(Illuminate\\Foundation\\Application))
#16 /var/www/Server/Projects/dev/front-gate/vendor/laravel/framework/src/Illuminate/Foundation/Http/Kernel.php(162): Illuminate\\Foundation\\Application->bootstrapWith(Array)
#17 /var/www/Server/Projects/dev/front-gate/vendor/laravel/framework/src/Illuminate/Foundation/Http/Kernel.php(146): Illuminate\\Foundation\\Http\\Kernel->bootstrap()
#18 /var/www/Server/Projects/dev/front-gate/vendor/laravel/framework/src/Illuminate/Foundation/Http/Kernel.php(116): Illuminate\\Foundation\\Http\\Kernel->sendRequestThroughRouter(Object(Illuminate\\Http\\Request))
#19 /var/www/Server/Projects/dev/front-gate/public/index.php(55): Illuminate\\Foundation\\Http\\Kernel->handle(Object(Illuminate\\Http\\Request))
#20 {main}
"} 
